mode: set
/Users/vsko/Documents/go-vsko/simple_bank/bank/model.go:26.22,28.2 1 0
/Users/vsko/Documents/go-vsko/simple_bank/bank/model.go:30.66,31.37 1 1
/Users/vsko/Documents/go-vsko/simple_bank/bank/model.go:35.2,36.23 2 1
/Users/vsko/Documents/go-vsko/simple_bank/bank/model.go:40.2,50.19 5 1
/Users/vsko/Documents/go-vsko/simple_bank/bank/model.go:31.37,33.3 1 1
/Users/vsko/Documents/go-vsko/simple_bank/bank/model.go:36.23,38.3 1 0
/Users/vsko/Documents/go-vsko/simple_bank/bank/model.go:53.64,56.9 2 1
/Users/vsko/Documents/go-vsko/simple_bank/bank/model.go:60.2,64.30 4 1
/Users/vsko/Documents/go-vsko/simple_bank/bank/model.go:56.9,58.3 1 1
/Users/vsko/Documents/go-vsko/simple_bank/bank/model.go:67.44,70.2 2 1
/Users/vsko/Documents/go-vsko/simple_bank/bank/model.go:72.77,74.35 1 1
/Users/vsko/Documents/go-vsko/simple_bank/bank/model.go:78.2,78.21 1 1
/Users/vsko/Documents/go-vsko/simple_bank/bank/model.go:82.2,82.23 1 1
/Users/vsko/Documents/go-vsko/simple_bank/bank/model.go:74.35,76.3 1 1
/Users/vsko/Documents/go-vsko/simple_bank/bank/model.go:78.21,80.3 1 1
/Users/vsko/Documents/go-vsko/simple_bank/bank/model.go:82.23,84.3 1 1
/Users/vsko/Documents/go-vsko/simple_bank/bank/model.go:84.8,91.35 4 1
/Users/vsko/Documents/go-vsko/simple_bank/bank/model.go:96.3,103.13 6 1
/Users/vsko/Documents/go-vsko/simple_bank/bank/model.go:91.35,93.4 1 1
